Traceback (most recent call last):
  File "/home/ubuntu/.local/bin/accelerate", line 5, in <module>
    from accelerate.commands.accelerate_cli import main
  File "/home/ubuntu/.local/lib/python3.10/site-packages/accelerate/commands/accelerate_cli.py", line 19, in <module>
    from accelerate.commands.estimate import estimate_command_parser
  File "/home/ubuntu/.local/lib/python3.10/site-packages/accelerate/commands/estimate.py", line 32, in <module>
    from transformers import AutoConfig, AutoModel
  File "<frozen importlib._bootstrap>", line 1075, in _handle_fromlist
  File "/home/ubuntu/.local/lib/python3.10/site-packages/transformers/utils/import_utils.py", line 2292, in __getattr__
    module = self._get_module(self._class_to_module[name])
  File "/home/ubuntu/.local/lib/python3.10/site-packages/transformers/utils/import_utils.py", line 2320, in _get_module
    return importlib.import_module("." + module_name, self.__name__)
  File "/usr/lib/python3.10/importlib/__init__.py", line 126, in import_module
    return _bootstrap._gcd_import(name[level:], package, level)
  File "/home/ubuntu/.local/lib/python3.10/site-packages/transformers/models/auto/modeling_auto.py", line 23, in <module>
    from .auto_factory import (
  File "/home/ubuntu/.local/lib/python3.10/site-packages/transformers/models/auto/auto_factory.py", line 43, in <module>
    from ...generation import GenerationMixin
  File "<frozen importlib._bootstrap>", line 1075, in _handle_fromlist
  File "/home/ubuntu/.local/lib/python3.10/site-packages/transformers/utils/import_utils.py", line 2292, in __getattr__
    module = self._get_module(self._class_to_module[name])
  File "/home/ubuntu/.local/lib/python3.10/site-packages/transformers/utils/import_utils.py", line 2320, in _get_module
    return importlib.import_module("." + module_name, self.__name__)
  File "/usr/lib/python3.10/importlib/__init__.py", line 126, in import_module
    return _bootstrap._gcd_import(name[level:], package, level)
  File "/home/ubuntu/.local/lib/python3.10/site-packages/transformers/generation/utils.py", line 62, in <module>
    from .candidate_generator import (
  File "/home/ubuntu/.local/lib/python3.10/site-packages/transformers/generation/candidate_generator.py", line 29, in <module>
    from sklearn.metrics import roc_curve
  File "/home/ubuntu/.local/lib/python3.10/site-packages/sklearn/__init__.py", line 73, in <module>
    from .base import clone  # noqa: E402
  File "/home/ubuntu/.local/lib/python3.10/site-packages/sklearn/base.py", line 19, in <module>
    from .utils._metadata_requests import _MetadataRequester, _routing_enabled
  File "/home/ubuntu/.local/lib/python3.10/site-packages/sklearn/utils/__init__.py", line 9, in <module>
    from ._chunking import gen_batches, gen_even_slices
  File "/home/ubuntu/.local/lib/python3.10/site-packages/sklearn/utils/_chunking.py", line 11, in <module>
    from ._param_validation import Interval, validate_params
  File "/home/ubuntu/.local/lib/python3.10/site-packages/sklearn/utils/_param_validation.py", line 17, in <module>
    from .validation import _is_arraylike_not_scalar
  File "/home/ubuntu/.local/lib/python3.10/site-packages/sklearn/utils/validation.py", line 21, in <module>
    from ..utils._array_api import _asarray_with_order, _is_numpy_namespace, get_namespace
  File "/home/ubuntu/.local/lib/python3.10/site-packages/sklearn/utils/_array_api.py", line 20, in <module>
    from .fixes import parse_version
  File "/home/ubuntu/.local/lib/python3.10/site-packages/sklearn/utils/fixes.py", line 16, in <module>
    import scipy.stats
  File "/home/ubuntu/.local/lib/python3.10/site-packages/scipy/stats/__init__.py", line 624, in <module>
    from ._stats_py import *
  File "/home/ubuntu/.local/lib/python3.10/site-packages/scipy/stats/_stats_py.py", line 52, in <module>
    from . import distributions
  File "/home/ubuntu/.local/lib/python3.10/site-packages/scipy/stats/distributions.py", line 10, in <module>
    from . import _continuous_distns
  File "/home/ubuntu/.local/lib/python3.10/site-packages/scipy/stats/_continuous_distns.py", line 7544, in <module>
    kappa3 = kappa3_gen(a=0.0, name='kappa3')
  File "/home/ubuntu/.local/lib/python3.10/site-packages/scipy/stats/_distn_infrastructure.py", line 1877, in __init__
    self._attach_methods()
  File "/home/ubuntu/.local/lib/python3.10/site-packages/scipy/stats/_distn_infrastructure.py", line 1911, in _attach_methods
    self._attach_argparser_methods()
  File "/home/ubuntu/.local/lib/python3.10/site-packages/scipy/stats/_distn_infrastructure.py", line 735, in _attach_argparser_methods
    exec(self._parse_arg_template, ns)
  File "<string>", line 1, in <module>
KeyboardInterrupt
